<?xml version="1.0" encoding="UTF-8"?>
<robot generator="Robot 7.0.1 (Python 3.10.12 on linux)" generated="2025-04-14T23:09:46.633232" rpa="false" schemaversion="5">
<suite id="s1" name="Test Calculatrice Bdd" source="/home/aicha/Desktop/git-hub/robot_calculatrice_bdd/tests/test_calculatrice_bdd.robot">
<kw name="Given The Screen Shows" type="SETUP">
<msg time="2025-04-14T23:09:46.660894" level="FAIL">No keyword with name 'Given The Screen Shows' found.</msg>
<arg>0</arg>
<status status="FAIL" start="2025-04-14T23:09:46.660843" elapsed="0.000105">No keyword with name 'Given The Screen Shows' found.</status>
</kw>
<test id="s1-t1" name="User Story 1 - Affichage de base" line="7">
<tag>US1</tag>
<status status="FAIL" start="2025-04-14T23:09:46.661088" elapsed="0.000374">Parent suite setup failed:
No keyword with name 'Given The Screen Shows' found.</status>
</test>
<test id="s1-t2" name="User Story 2 - Calculs simples" line="22">
<tag>US2</tag>
<status status="FAIL" start="2025-04-14T23:09:46.661760" elapsed="0.000324">Parent suite setup failed:
No keyword with name 'Given The Screen Shows' found.</status>
</test>
<test id="s1-t3" name="User Story 3 - Répétition" line="43">
<tag>US3</tag>
<status status="FAIL" start="2025-04-14T23:09:46.662365" elapsed="0.000456">Parent suite setup failed:
No keyword with name 'Given The Screen Shows' found.</status>
</test>
<status status="FAIL" start="2025-04-14T23:09:46.634293" elapsed="0.029113">Suite setup failed:
No keyword with name 'Given The Screen Shows' found.</status>
</suite>
<statistics>
<total>
<stat pass="0" fail="3" skip="0">All Tests</stat>
</total>
<tag>
<stat pass="0" fail="1" skip="0">US1</stat>
<stat pass="0" fail="1" skip="0">US2</stat>
<stat pass="0" fail="1" skip="0">US3</stat>
</tag>
<suite>
<stat pass="0" fail="3" skip="0" id="s1" name="Test Calculatrice Bdd">Test Calculatrice Bdd</stat>
</suite>
</statistics>
<errors>
</errors>
</robot>
